2017-12-13 15:27:11 [scrapy.utils.log] INFO: Scrapy 1.4.0 started (bot: scrapyPython3)
2017-12-13 15:27:11 [scrapy.utils.log] INFO: Overridden settings: {'BOT_NAME': 'scrapyPython3', 'LOG_FILE': 'logs\\scrapyPython3\\firstSpider\\038cadc6dfd711e7add738b1dbc3838e.log', 'NEWSPIDER_MODULE': 'scrapyPython3.spiders', 'ROBOTSTXT_OBEY': True, 'SPIDER_MODULES': ['scrapyPython3.spiders']}
2017-12-13 15:27:11 [scrapy.middleware] INFO: Enabled extensions:
['scrapy.extensions.corestats.CoreStats',
 'scrapy.extensions.telnet.TelnetConsole',
 'scrapy.extensions.logstats.LogStats']
2017-12-13 15:27:11 [scrapy.middleware] INFO: Enabled downloader middlewares:
['scrapy.downloadermiddlewares.robotstxt.RobotsTxtMiddleware',
 'scrapy.downloadermiddlewares.httpauth.HttpAuthMiddleware',
 'scrapy.downloadermiddlewares.downloadtimeout.DownloadTimeoutMiddleware',
 'scrapy.downloadermiddlewares.defaultheaders.DefaultHeadersMiddleware',
 'scrapy.downloadermiddlewares.useragent.UserAgentMiddleware',
 'scrapy.downloadermiddlewares.retry.RetryMiddleware',
 'scrapy.downloadermiddlewares.redirect.MetaRefreshMiddleware',
 'scrapy.downloadermiddlewares.httpcompression.HttpCompressionMiddleware',
 'scrapy.downloadermiddlewares.redirect.RedirectMiddleware',
 'scrapy.downloadermiddlewares.cookies.CookiesMiddleware',
 'scrapy.downloadermiddlewares.httpproxy.HttpProxyMiddleware',
 'scrapy.downloadermiddlewares.stats.DownloaderStats']
2017-12-13 15:27:11 [scrapy.middleware] INFO: Enabled spider middlewares:
['scrapy.spidermiddlewares.httperror.HttpErrorMiddleware',
 'scrapy.spidermiddlewares.offsite.OffsiteMiddleware',
 'scrapy.spidermiddlewares.referer.RefererMiddleware',
 'scrapy.spidermiddlewares.urllength.UrlLengthMiddleware',
 'scrapy.spidermiddlewares.depth.DepthMiddleware']
2017-12-13 15:27:11 [scrapy.middleware] INFO: Enabled item pipelines:
[]
2017-12-13 15:27:11 [scrapy.core.engine] INFO: Spider opened
2017-12-13 15:27:11 [scrapy.extensions.logstats] INFO: Crawled 0 pages (at 0 pages/min), scraped 0 items (at 0 items/min)
2017-12-13 15:27:11 [scrapy.extensions.telnet] DEBUG: Telnet console listening on 127.0.0.1:6023
2017-12-13 15:27:12 [scrapy.core.engine] DEBUG: Crawled (200) <GET http://ent.ifeng.com/robots.txt> (referer: None)
2017-12-13 15:27:12 [scrapy.core.engine] DEBUG: Crawled (200) <GET http://ent.ifeng.com/> (referer: None)
2017-12-13 15:27:12 [scrapy.core.engine] DEBUG: Crawled (200) <GET http://ent.ifeng.com/listpage/6/1/list.shtml> (referer: http://ent.ifeng.com/)
2017-12-13 15:27:13 [scrapy.core.engine] INFO: Closing spider (finished)
2017-12-13 15:27:13 [scrapy.statscollectors] INFO: Dumping Scrapy stats:
{'downloader/request_bytes': 698,
 'downloader/request_count': 3,
 'downloader/request_method_count/GET': 3,
 'downloader/response_bytes': 58588,
 'downloader/response_count': 3,
 'downloader/response_status_count/200': 3,
 'finish_reason': 'finished',
 'finish_time': datetime.datetime(2017, 12, 13, 7, 27, 13, 112135),
 'log_count/DEBUG': 4,
 'log_count/INFO': 7,
 'request_depth_max': 1,
 'response_received_count': 3,
 'scheduler/dequeued': 2,
 'scheduler/dequeued/memory': 2,
 'scheduler/enqueued': 2,
 'scheduler/enqueued/memory': 2,
 'start_time': datetime.datetime(2017, 12, 13, 7, 27, 11, 608444)}
2017-12-13 15:27:13 [scrapy.core.engine] INFO: Spider closed (finished)
