2017-12-13 15:15:01 [scrapy.utils.log] INFO: Scrapy 1.4.0 started (bot: scrapyPython3)
2017-12-13 15:15:01 [scrapy.utils.log] INFO: Overridden settings: {'BOT_NAME': 'scrapyPython3', 'LOG_FILE': 'logs\\scrapyPython3\\firstSpider\\5193a7aedfd511e7825438b1dbc3838e.log', 'NEWSPIDER_MODULE': 'scrapyPython3.spiders', 'ROBOTSTXT_OBEY': True, 'SPIDER_MODULES': ['scrapyPython3.spiders']}
2017-12-13 15:15:01 [scrapy.middleware] INFO: Enabled extensions:
['scrapy.extensions.corestats.CoreStats',
 'scrapy.extensions.telnet.TelnetConsole',
 'scrapy.extensions.logstats.LogStats']
2017-12-13 15:15:01 [scrapy.middleware] INFO: Enabled downloader middlewares:
['scrapy.downloadermiddlewares.robotstxt.RobotsTxtMiddleware',
 'scrapy.downloadermiddlewares.httpauth.HttpAuthMiddleware',
 'scrapy.downloadermiddlewares.downloadtimeout.DownloadTimeoutMiddleware',
 'scrapy.downloadermiddlewares.defaultheaders.DefaultHeadersMiddleware',
 'scrapy.downloadermiddlewares.useragent.UserAgentMiddleware',
 'scrapy.downloadermiddlewares.retry.RetryMiddleware',
 'scrapy.downloadermiddlewares.redirect.MetaRefreshMiddleware',
 'scrapy.downloadermiddlewares.httpcompression.HttpCompressionMiddleware',
 'scrapy.downloadermiddlewares.redirect.RedirectMiddleware',
 'scrapy.downloadermiddlewares.cookies.CookiesMiddleware',
 'scrapy.downloadermiddlewares.httpproxy.HttpProxyMiddleware',
 'scrapy.downloadermiddlewares.stats.DownloaderStats']
2017-12-13 15:15:01 [scrapy.middleware] INFO: Enabled spider middlewares:
['scrapy.spidermiddlewares.httperror.HttpErrorMiddleware',
 'scrapy.spidermiddlewares.offsite.OffsiteMiddleware',
 'scrapy.spidermiddlewares.referer.RefererMiddleware',
 'scrapy.spidermiddlewares.urllength.UrlLengthMiddleware',
 'scrapy.spidermiddlewares.depth.DepthMiddleware']
2017-12-13 15:15:01 [scrapy.middleware] INFO: Enabled item pipelines:
[]
2017-12-13 15:15:01 [scrapy.core.engine] INFO: Spider opened
2017-12-13 15:15:01 [scrapy.extensions.logstats] INFO: Crawled 0 pages (at 0 pages/min), scraped 0 items (at 0 items/min)
2017-12-13 15:15:01 [scrapy.extensions.telnet] DEBUG: Telnet console listening on 127.0.0.1:6023
2017-12-13 15:15:02 [scrapy.core.engine] DEBUG: Crawled (200) <GET http://ent.ifeng.com/robots.txt> (referer: None)
2017-12-13 15:15:02 [scrapy.core.engine] DEBUG: Crawled (200) <GET http://ent.ifeng.com/> (referer: None)
2017-12-13 15:15:02 [scrapy.core.scraper] ERROR: Spider error processing <GET http://ent.ifeng.com/> (referer: None)
Traceback (most recent call last):
  File "c:\users\wzs\appdata\local\programs\python\python36\lib\site-packages\scrapy\utils\defer.py", line 102, in iter_errback
    yield next(it)
  File "c:\users\wzs\appdata\local\programs\python\python36\lib\site-packages\scrapy\spidermiddlewares\offsite.py", line 29, in process_spider_output
    for x in result:
  File "c:\users\wzs\appdata\local\programs\python\python36\lib\site-packages\scrapy\spidermiddlewares\referer.py", line 339, in <genexpr>
    return (_set_referer(r) for r in result or ())
  File "c:\users\wzs\appdata\local\programs\python\python36\lib\site-packages\scrapy\spidermiddlewares\urllength.py", line 37, in <genexpr>
    return (r for r in result or () if _filter(r))
  File "c:\users\wzs\appdata\local\programs\python\python36\lib\site-packages\scrapy\spidermiddlewares\depth.py", line 58, in <genexpr>
    return (r for r in result or () if _filter(r))
  File "D:\tangxuelin\stutest\scrapyPython3\scrapyPython3\spiders\firstSpider.py", line 15, in parse
    yield Request(next_url, self.next_parse)
  File "c:\users\wzs\appdata\local\programs\python\python36\lib\site-packages\scrapy\http\request\__init__.py", line 25, in __init__
    self._set_url(url)
  File "c:\users\wzs\appdata\local\programs\python\python36\lib\site-packages\scrapy\http\request\__init__.py", line 52, in _set_url
    raise TypeError('Request url must be str or unicode, got %s:' % type(url).__name__)
TypeError: Request url must be str or unicode, got list:
2017-12-13 15:15:02 [scrapy.core.engine] INFO: Closing spider (finished)
2017-12-13 15:15:02 [scrapy.statscollectors] INFO: Dumping Scrapy stats:
{'downloader/request_bytes': 432,
 'downloader/request_count': 2,
 'downloader/request_method_count/GET': 2,
 'downloader/response_bytes': 42380,
 'downloader/response_count': 2,
 'downloader/response_status_count/200': 2,
 'finish_reason': 'finished',
 'finish_time': datetime.datetime(2017, 12, 13, 7, 15, 2, 314335),
 'log_count/DEBUG': 3,
 'log_count/ERROR': 1,
 'log_count/INFO': 7,
 'response_received_count': 2,
 'scheduler/dequeued': 1,
 'scheduler/dequeued/memory': 1,
 'scheduler/enqueued': 1,
 'scheduler/enqueued/memory': 1,
 'spider_exceptions/TypeError': 1,
 'start_time': datetime.datetime(2017, 12, 13, 7, 15, 1, 744263)}
2017-12-13 15:15:02 [scrapy.core.engine] INFO: Spider closed (finished)
