2017-12-13 15:48:19 [scrapy.utils.log] INFO: Scrapy 1.4.0 started (bot: scrapyPython3)
2017-12-13 15:48:19 [scrapy.utils.log] INFO: Overridden settings: {'BOT_NAME': 'scrapyPython3', 'LOG_FILE': 'logs\\scrapyPython3\\firstSpider\\f8e71a22dfd911e7b79038b1dbc3838e.log', 'NEWSPIDER_MODULE': 'scrapyPython3.spiders', 'ROBOTSTXT_OBEY': True, 'SPIDER_MODULES': ['scrapyPython3.spiders']}
2017-12-13 15:48:20 [scrapy.middleware] INFO: Enabled extensions:
['scrapy.extensions.corestats.CoreStats',
 'scrapy.extensions.telnet.TelnetConsole',
 'scrapy.extensions.logstats.LogStats']
2017-12-13 15:48:20 [scrapy.middleware] INFO: Enabled downloader middlewares:
['scrapy.downloadermiddlewares.robotstxt.RobotsTxtMiddleware',
 'scrapy.downloadermiddlewares.httpauth.HttpAuthMiddleware',
 'scrapy.downloadermiddlewares.downloadtimeout.DownloadTimeoutMiddleware',
 'scrapy.downloadermiddlewares.defaultheaders.DefaultHeadersMiddleware',
 'scrapy.downloadermiddlewares.useragent.UserAgentMiddleware',
 'scrapy.downloadermiddlewares.retry.RetryMiddleware',
 'scrapy.downloadermiddlewares.redirect.MetaRefreshMiddleware',
 'scrapy.downloadermiddlewares.httpcompression.HttpCompressionMiddleware',
 'scrapy.downloadermiddlewares.redirect.RedirectMiddleware',
 'scrapy.downloadermiddlewares.cookies.CookiesMiddleware',
 'scrapy.downloadermiddlewares.httpproxy.HttpProxyMiddleware',
 'scrapy.downloadermiddlewares.stats.DownloaderStats']
2017-12-13 15:48:20 [scrapy.middleware] INFO: Enabled spider middlewares:
['scrapy.spidermiddlewares.httperror.HttpErrorMiddleware',
 'scrapy.spidermiddlewares.offsite.OffsiteMiddleware',
 'scrapy.spidermiddlewares.referer.RefererMiddleware',
 'scrapy.spidermiddlewares.urllength.UrlLengthMiddleware',
 'scrapy.spidermiddlewares.depth.DepthMiddleware']
2017-12-13 15:48:20 [scrapy.middleware] INFO: Enabled item pipelines:
[]
2017-12-13 15:48:20 [scrapy.core.engine] INFO: Spider opened
2017-12-13 15:48:20 [scrapy.extensions.logstats] INFO: Crawled 0 pages (at 0 pages/min), scraped 0 items (at 0 items/min)
2017-12-13 15:48:20 [scrapy.extensions.telnet] DEBUG: Telnet console listening on 127.0.0.1:6024
2017-12-13 15:48:21 [scrapy.core.engine] DEBUG: Crawled (200) <GET http://ent.ifeng.com/robots.txt> (referer: None)
2017-12-13 15:48:21 [scrapy.core.engine] DEBUG: Crawled (200) <GET http://ent.ifeng.com/> (referer: None)
2017-12-13 15:48:21 [scrapy.core.engine] DEBUG: Crawled (200) <GET http://ent.ifeng.com/listpage/6/1/list.shtml> (referer: http://ent.ifeng.com/)
2017-12-13 15:48:21 [scrapy.core.engine] DEBUG: Crawled (200) <GET http://ent.ifeng.com/a/20171213/43012919_0.shtml> (referer: http://ent.ifeng.com/listpage/6/1/list.shtml)
2017-12-13 15:48:21 [scrapy.core.engine] DEBUG: Crawled (200) <GET http://ent.ifeng.com/a/20171213/43012917_0.shtml> (referer: http://ent.ifeng.com/listpage/6/1/list.shtml)
2017-12-13 15:48:21 [scrapy.core.engine] DEBUG: Crawled (200) <GET http://ent.ifeng.com/a/20171213/43012882_0.shtml> (referer: http://ent.ifeng.com/listpage/6/1/list.shtml)
2017-12-13 15:48:22 [scrapy.core.engine] DEBUG: Crawled (200) <GET http://ent.ifeng.com/a/20171213/43012924_0.shtml> (referer: http://ent.ifeng.com/listpage/6/1/list.shtml)
2017-12-13 15:48:22 [scrapy.core.engine] DEBUG: Crawled (200) <GET http://ent.ifeng.com/a/20171213/43012843_0.shtml> (referer: http://ent.ifeng.com/listpage/6/1/list.shtml)
2017-12-13 15:48:22 [scrapy.core.engine] DEBUG: Crawled (200) <GET http://ent.ifeng.com/a/20171213/43012861_0.shtml> (referer: http://ent.ifeng.com/listpage/6/1/list.shtml)
2017-12-13 15:48:22 [scrapy.core.scraper] ERROR: Spider error processing <GET http://ent.ifeng.com/a/20171213/43012919_0.shtml> (referer: http://ent.ifeng.com/listpage/6/1/list.shtml)
Traceback (most recent call last):
  File "c:\users\wzs\appdata\local\programs\python\python36\lib\site-packages\twisted\internet\defer.py", line 653, in _runCallbacks
    current.result = callback(current.result, *args, **kw)
  File "D:\tangxuelin\stutest\scrapyPython3\scrapyPython3\spiders\firstSpider.py", line 32, in content_parse
    with open(file_path, 'w') as f:
FileNotFoundError: [Errno 2] No such file or directory: 'D:/tangxuelin/testfile/spiderfile\\《X战警：黑凤凰》话题升温 EW带来前瞻报道.txt'
2017-12-13 15:48:22 [scrapy.core.scraper] ERROR: Spider error processing <GET http://ent.ifeng.com/a/20171213/43012917_0.shtml> (referer: http://ent.ifeng.com/listpage/6/1/list.shtml)
Traceback (most recent call last):
  File "c:\users\wzs\appdata\local\programs\python\python36\lib\site-packages\twisted\internet\defer.py", line 653, in _runCallbacks
    current.result = callback(current.result, *args, **kw)
  File "D:\tangxuelin\stutest\scrapyPython3\scrapyPython3\spiders\firstSpider.py", line 32, in content_parse
    with open(file_path, 'w') as f:
FileNotFoundError: [Errno 2] No such file or directory: 'D:/tangxuelin/testfile/spiderfile\\《巨额来电》片段曝光 桂纶镁诠释最令人心碎反派.txt'
2017-12-13 15:48:22 [scrapy.core.scraper] ERROR: Spider error processing <GET http://ent.ifeng.com/a/20171213/43012882_0.shtml> (referer: http://ent.ifeng.com/listpage/6/1/list.shtml)
Traceback (most recent call last):
  File "c:\users\wzs\appdata\local\programs\python\python36\lib\site-packages\twisted\internet\defer.py", line 653, in _runCallbacks
    current.result = callback(current.result, *args, **kw)
  File "D:\tangxuelin\stutest\scrapyPython3\scrapyPython3\spiders\firstSpider.py", line 32, in content_parse
    with open(file_path, 'w') as f:
FileNotFoundError: [Errno 2] No such file or directory: 'D:/tangxuelin/testfile/spiderfile\\《头号玩家》曝预告 斯皮尔伯格打造VR世界脑洞大开.txt'
2017-12-13 15:48:22 [scrapy.core.scraper] ERROR: Spider error processing <GET http://ent.ifeng.com/a/20171213/43012924_0.shtml> (referer: http://ent.ifeng.com/listpage/6/1/list.shtml)
Traceback (most recent call last):
  File "c:\users\wzs\appdata\local\programs\python\python36\lib\site-packages\twisted\internet\defer.py", line 653, in _runCallbacks
    current.result = callback(current.result, *args, **kw)
  File "D:\tangxuelin\stutest\scrapyPython3\scrapyPython3\spiders\firstSpider.py", line 32, in content_parse
    with open(file_path, 'w') as f:
FileNotFoundError: [Errno 2] No such file or directory: 'D:/tangxuelin/testfile/spiderfile\\《移动迷宫3》发布重返迷宫版海报 跑男再闯龙潭虎穴.txt'
2017-12-13 15:48:22 [scrapy.core.engine] DEBUG: Crawled (200) <GET http://ent.ifeng.com/a/20171213/43012836_0.shtml> (referer: http://ent.ifeng.com/listpage/6/1/list.shtml)
2017-12-13 15:48:22 [scrapy.core.engine] DEBUG: Crawled (200) <GET http://ent.ifeng.com/a/20171213/43012943_0.shtml> (referer: http://ent.ifeng.com/listpage/6/1/list.shtml)
2017-12-13 15:48:22 [scrapy.core.scraper] ERROR: Spider error processing <GET http://ent.ifeng.com/a/20171213/43012843_0.shtml> (referer: http://ent.ifeng.com/listpage/6/1/list.shtml)
Traceback (most recent call last):
  File "c:\users\wzs\appdata\local\programs\python\python36\lib\site-packages\twisted\internet\defer.py", line 653, in _runCallbacks
    current.result = callback(current.result, *args, **kw)
  File "D:\tangxuelin\stutest\scrapyPython3\scrapyPython3\spiders\firstSpider.py", line 32, in content_parse
    with open(file_path, 'w') as f:
FileNotFoundError: [Errno 2] No such file or directory: 'D:/tangxuelin/testfile/spiderfile\\《末路变奏曲》开机  方力申姜瑞佳组正能量CP.txt'
2017-12-13 15:48:22 [scrapy.core.scraper] ERROR: Spider error processing <GET http://ent.ifeng.com/a/20171213/43012861_0.shtml> (referer: http://ent.ifeng.com/listpage/6/1/list.shtml)
Traceback (most recent call last):
  File "c:\users\wzs\appdata\local\programs\python\python36\lib\site-packages\twisted\internet\defer.py", line 653, in _runCallbacks
    current.result = callback(current.result, *args, **kw)
  File "D:\tangxuelin\stutest\scrapyPython3\scrapyPython3\spiders\firstSpider.py", line 32, in content_parse
    with open(file_path, 'w') as f:
FileNotFoundError: [Errno 2] No such file or directory: 'D:/tangxuelin/testfile/spiderfile\\刘诗诗掉泪邓超拍 《心理罪之城市之光》搭档互动萌.txt'
2017-12-13 15:48:22 [scrapy.core.engine] DEBUG: Crawled (200) <GET http://ent.ifeng.com/a/20171213/43012812_0.shtml> (referer: http://ent.ifeng.com/listpage/6/1/list.shtml)
2017-12-13 15:48:22 [scrapy.core.engine] DEBUG: Crawled (200) <GET http://ent.ifeng.com/a/20171213/43012827_0.shtml> (referer: http://ent.ifeng.com/listpage/6/1/list.shtml)
2017-12-13 15:48:22 [scrapy.core.scraper] ERROR: Spider error processing <GET http://ent.ifeng.com/a/20171213/43012836_0.shtml> (referer: http://ent.ifeng.com/listpage/6/1/list.shtml)
Traceback (most recent call last):
  File "c:\users\wzs\appdata\local\programs\python\python36\lib\site-packages\twisted\internet\defer.py", line 653, in _runCallbacks
    current.result = callback(current.result, *args, **kw)
  File "D:\tangxuelin\stutest\scrapyPython3\scrapyPython3\spiders\firstSpider.py", line 32, in content_parse
    with open(file_path, 'w') as f:
FileNotFoundError: [Errno 2] No such file or directory: 'D:/tangxuelin/testfile/spiderfile\\《帕丁顿熊2》神秘道具曝光 萌熊带你“书中游伦敦”.txt'
2017-12-13 15:48:22 [scrapy.core.scraper] ERROR: Spider error processing <GET http://ent.ifeng.com/a/20171213/43012943_0.shtml> (referer: http://ent.ifeng.com/listpage/6/1/list.shtml)
Traceback (most recent call last):
  File "c:\users\wzs\appdata\local\programs\python\python36\lib\site-packages\twisted\internet\defer.py", line 653, in _runCallbacks
    current.result = callback(current.result, *args, **kw)
  File "D:\tangxuelin\stutest\scrapyPython3\scrapyPython3\spiders\firstSpider.py", line 32, in content_parse
    with open(file_path, 'w') as f:
FileNotFoundError: [Errno 2] No such file or directory: 'D:/tangxuelin/testfile/spiderfile\\喜剧《末路变奏曲》岁末开机 输出中国喜剧软实力.txt'
2017-12-13 15:48:22 [scrapy.core.engine] DEBUG: Crawled (200) <GET http://ent.ifeng.com/a/20171213/43012774_0.shtml> (referer: http://ent.ifeng.com/listpage/6/1/list.shtml)
2017-12-13 15:48:22 [scrapy.core.engine] DEBUG: Crawled (200) <GET http://ent.ifeng.com/a/20171213/43012783_0.shtml> (referer: http://ent.ifeng.com/listpage/6/1/list.shtml)
2017-12-13 15:48:22 [scrapy.core.scraper] ERROR: Spider error processing <GET http://ent.ifeng.com/a/20171213/43012812_0.shtml> (referer: http://ent.ifeng.com/listpage/6/1/list.shtml)
Traceback (most recent call last):
  File "c:\users\wzs\appdata\local\programs\python\python36\lib\site-packages\twisted\internet\defer.py", line 653, in _runCallbacks
    current.result = callback(current.result, *args, **kw)
  File "D:\tangxuelin\stutest\scrapyPython3\scrapyPython3\spiders\firstSpider.py", line 32, in content_parse
    with open(file_path, 'w') as f:
FileNotFoundError: [Errno 2] No such file or directory: 'D:/tangxuelin/testfile/spiderfile\\游故宫吃糖葫芦 《圣诞奇妙公司》导演发礼物迎圣诞.txt'
2017-12-13 15:48:22 [scrapy.core.scraper] ERROR: Spider error processing <GET http://ent.ifeng.com/a/20171213/43012827_0.shtml> (referer: http://ent.ifeng.com/listpage/6/1/list.shtml)
Traceback (most recent call last):
  File "c:\users\wzs\appdata\local\programs\python\python36\lib\site-packages\twisted\internet\defer.py", line 653, in _runCallbacks
    current.result = callback(current.result, *args, **kw)
  File "D:\tangxuelin\stutest\scrapyPython3\scrapyPython3\spiders\firstSpider.py", line 32, in content_parse
    with open(file_path, 'w') as f:
FileNotFoundError: [Errno 2] No such file or directory: 'D:/tangxuelin/testfile/spiderfile\\《玩命旅行指南》爆笑杀青 张嘉译闫妮"遇车祸".txt'
2017-12-13 15:48:23 [scrapy.core.engine] DEBUG: Crawled (200) <GET http://ent.ifeng.com/a/20171213/43012876_0.shtml> (referer: http://ent.ifeng.com/listpage/6/1/list.shtml)
2017-12-13 15:48:23 [scrapy.core.scraper] ERROR: Spider error processing <GET http://ent.ifeng.com/a/20171213/43012774_0.shtml> (referer: http://ent.ifeng.com/listpage/6/1/list.shtml)
Traceback (most recent call last):
  File "c:\users\wzs\appdata\local\programs\python\python36\lib\site-packages\twisted\internet\defer.py", line 653, in _runCallbacks
    current.result = callback(current.result, *args, **kw)
  File "D:\tangxuelin\stutest\scrapyPython3\scrapyPython3\spiders\firstSpider.py", line 32, in content_parse
    with open(file_path, 'w') as f:
FileNotFoundError: [Errno 2] No such file or directory: 'D:/tangxuelin/testfile/spiderfile\\邓超隔空喊话吴奇隆 晒刘诗诗眼泪：“对不起”.txt'
2017-12-13 15:48:23 [scrapy.core.scraper] ERROR: Spider error processing <GET http://ent.ifeng.com/a/20171213/43012783_0.shtml> (referer: http://ent.ifeng.com/listpage/6/1/list.shtml)
Traceback (most recent call last):
  File "c:\users\wzs\appdata\local\programs\python\python36\lib\site-packages\twisted\internet\defer.py", line 653, in _runCallbacks
    current.result = callback(current.result, *args, **kw)
  File "D:\tangxuelin\stutest\scrapyPython3\scrapyPython3\spiders\firstSpider.py", line 32, in content_parse
    with open(file_path, 'w') as f:
FileNotFoundError: [Errno 2] No such file or directory: 'D:/tangxuelin/testfile/spiderfile\\电影《金珠玛米》首日票房破百万 吴京大赞藏东传奇.txt'
2017-12-13 15:48:23 [scrapy.core.scraper] ERROR: Spider error processing <GET http://ent.ifeng.com/a/20171213/43012876_0.shtml> (referer: http://ent.ifeng.com/listpage/6/1/list.shtml)
Traceback (most recent call last):
  File "c:\users\wzs\appdata\local\programs\python\python36\lib\site-packages\twisted\internet\defer.py", line 653, in _runCallbacks
    current.result = callback(current.result, *args, **kw)
  File "D:\tangxuelin\stutest\scrapyPython3\scrapyPython3\spiders\firstSpider.py", line 32, in content_parse
    with open(file_path, 'w') as f:
FileNotFoundError: [Errno 2] No such file or directory: 'D:/tangxuelin/testfile/spiderfile\\李治廷为《奇门遁甲》作曲 独特歌词曲风MV今日曝光.txt'
2017-12-13 15:48:23 [scrapy.core.engine] DEBUG: Crawled (200) <GET http://ent.ifeng.com/a/20171213/43012840_0.shtml> (referer: http://ent.ifeng.com/listpage/6/1/list.shtml)
2017-12-13 15:48:23 [scrapy.core.engine] DEBUG: Crawled (200) <GET http://ent.ifeng.com/a/20171213/43012805_0.shtml> (referer: http://ent.ifeng.com/listpage/6/1/list.shtml)
2017-12-13 15:48:23 [scrapy.core.scraper] ERROR: Spider error processing <GET http://ent.ifeng.com/a/20171213/43012840_0.shtml> (referer: http://ent.ifeng.com/listpage/6/1/list.shtml)
Traceback (most recent call last):
  File "c:\users\wzs\appdata\local\programs\python\python36\lib\site-packages\twisted\internet\defer.py", line 653, in _runCallbacks
    current.result = callback(current.result, *args, **kw)
  File "D:\tangxuelin\stutest\scrapyPython3\scrapyPython3\spiders\firstSpider.py", line 32, in content_parse
    with open(file_path, 'w') as f:
FileNotFoundError: [Errno 2] No such file or directory: 'D:/tangxuelin/testfile/spiderfile\\《星战8》口碑出炉：非常优秀，给童年最好的情书.txt'
2017-12-13 15:48:23 [scrapy.core.scraper] ERROR: Spider error processing <GET http://ent.ifeng.com/a/20171213/43012805_0.shtml> (referer: http://ent.ifeng.com/listpage/6/1/list.shtml)
Traceback (most recent call last):
  File "c:\users\wzs\appdata\local\programs\python\python36\lib\site-packages\twisted\internet\defer.py", line 653, in _runCallbacks
    current.result = callback(current.result, *args, **kw)
  File "D:\tangxuelin\stutest\scrapyPython3\scrapyPython3\spiders\firstSpider.py", line 32, in content_parse
    with open(file_path, 'w') as f:
FileNotFoundError: [Errno 2] No such file or directory: 'D:/tangxuelin/testfile/spiderfile\\《太空救援》展超强幕后战斗力 为史实赋予艺术价值.txt'
2017-12-13 15:48:23 [scrapy.core.engine] INFO: Closing spider (finished)
2017-12-13 15:48:23 [scrapy.statscollectors] INFO: Dumping Scrapy stats:
{'downloader/request_bytes': 5093,
 'downloader/request_count': 18,
 'downloader/request_method_count/GET': 18,
 'downloader/response_bytes': 804564,
 'downloader/response_count': 18,
 'downloader/response_status_count/200': 18,
 'finish_reason': 'finished',
 'finish_time': datetime.datetime(2017, 12, 13, 7, 48, 23, 939009),
 'log_count/DEBUG': 19,
 'log_count/ERROR': 15,
 'log_count/INFO': 7,
 'request_depth_max': 2,
 'response_received_count': 18,
 'scheduler/dequeued': 17,
 'scheduler/dequeued/memory': 17,
 'scheduler/enqueued': 17,
 'scheduler/enqueued/memory': 17,
 'spider_exceptions/FileNotFoundError': 15,
 'start_time': datetime.datetime(2017, 12, 13, 7, 48, 20, 77519)}
2017-12-13 15:48:23 [scrapy.core.engine] INFO: Spider closed (finished)
